[02/Feb/2018 12:11:43] "GET /test/ HTTP/1.1" 200 41725
Not Found: /test/assets/img/avatars/10.jpg
[02/Feb/2018 12:11:43] "GET /test/assets/img/avatars/10.jpg HTTP/1.1" 404 2833
Not Found: /test/assets/img/avatars/11.jpg
[02/Feb/2018 12:11:43] "GET /test/assets/img/avatars/11.jpg HTTP/1.1" 404 2833
Not Found: /test/assets/img/avatars/03.jpg
Not Found: /test/assets/img/avatars/01.jpg
Not Found: /test/assets/img/avatars/04.jpg
Not Found: /test/assets/img/avatars/13.jpg
Not Found: /test/assets/img/avatars/12.jpg
[02/Feb/2018 12:11:43] "GET /test/assets/img/avatars/01.jpg HTTP/1.1" 404 2833
[02/Feb/2018 12:11:43] "GET /test/assets/img/avatars/03.jpg HTTP/1.1" 404 2833
[02/Feb/2018 12:11:43] "GET /test/assets/img/avatars/13.jpg HTTP/1.1" 404 2833
Not Found: /test/assets/img/avatars/02.jpg
[02/Feb/2018 12:11:43] "GET /test/assets/img/avatars/04.jpg HTTP/1.1" 404 2833
[02/Feb/2018 12:11:43] "GET /test/assets/img/avatars/02.jpg HTTP/1.1" 404 2833
[02/Feb/2018 12:11:43] "GET /test/assets/img/avatars/12.jpg HTTP/1.1" 404 2833
Not Found: /test/assets/img/avatars/08.jpg
Not Found: /test/assets/img/avatars/05.jpg
[02/Feb/2018 12:11:43] "GET /test/assets/img/avatars/08.jpg HTTP/1.1" 404 2833
Not Found: /test/assets/img/avatars/06.jpg
[02/Feb/2018 12:11:43] "GET /test/assets/img/avatars/05.jpg HTTP/1.1" 404 2833
[02/Feb/2018 12:11:43] "GET /test/assets/img/avatars/06.jpg HTTP/1.1" 404 2833
[02/Feb/2018 12:11:48] "GET /test/list/ HTTP/1.1" 200 29874
[02/Feb/2018 12:11:48] "GET /test/list/favicon.ico HTTP/1.1" 200 29874
[02/Feb/2018 12:11:49] "GET /test/list/ HTTP/1.1" 200 29874
[02/Feb/2018 12:11:49] "GET /test/list/favicon.ico HTTP/1.1" 200 29874
[02/Feb/2018 12:11:50] "GET /test/list/ HTTP/1.1" 200 29874
[02/Feb/2018 12:11:50] "GET /test/list/favicon.ico HTTP/1.1" 200 29874
[02/Feb/2018 12:11:51] "GET /test/list/ HTTP/1.1" 200 29874
[02/Feb/2018 12:11:51] "GET /test/list/favicon.ico HTTP/1.1" 200 29874
[02/Feb/2018 12:11:52] "GET /test/detail/ HTTP/1.1" 200 25885
[02/Feb/2018 12:11:52] "GET /test/detail/favicon.ico HTTP/1.1" 200 25885
[02/Feb/2018 12:11:55] "GET /test/detail/index-2.html HTTP/1.1" 200 25885
[02/Feb/2018 12:11:55] "GET /test/detail/favicon.ico HTTP/1.1" 200 25885
[02/Feb/2018 12:11:57] "GET /test/ HTTP/1.1" 200 41725
Not Found: /test/assets/img/avatars/10.jpg
[02/Feb/2018 12:11:57] "GET /test/assets/img/avatars/10.jpg HTTP/1.1" 404 2833
Not Found: /test/assets/img/avatars/11.jpg
[02/Feb/2018 12:11:57] "GET /test/assets/img/avatars/11.jpg HTTP/1.1" 404 2833
Not Found: /test/assets/img/avatars/03.jpg
Not Found: /test/assets/img/avatars/02.jpg
[02/Feb/2018 12:11:57] "GET /test/assets/img/avatars/03.jpg HTTP/1.1" 404 2833
Not Found: /test/assets/img/avatars/12.jpg
[02/Feb/2018 12:11:57] "GET /test/assets/img/avatars/02.jpg HTTP/1.1" 404 2833
Not Found: /test/assets/img/avatars/01.jpg
[02/Feb/2018 12:11:57] "GET /test/assets/img/avatars/12.jpg HTTP/1.1" 404 2833
Not Found: /test/assets/img/avatars/04.jpg
[02/Feb/2018 12:11:57] "GET /test/assets/img/avatars/01.jpg HTTP/1.1" 404 2833
Not Found: /test/assets/img/avatars/13.jpg
[02/Feb/2018 12:11:57] "GET /test/assets/img/avatars/04.jpg HTTP/1.1" 404 2833
[02/Feb/2018 12:11:57] "GET /test/assets/img/avatars/13.jpg HTTP/1.1" 404 2833
Not Found: /test/assets/img/avatars/08.jpg
Not Found: /test/assets/img/avatars/05.jpg
[02/Feb/2018 12:11:57] "GET /test/assets/img/avatars/08.jpg HTTP/1.1" 404 2833
[02/Feb/2018 12:11:57] "GET /test/assets/img/avatars/05.jpg HTTP/1.1" 404 2833
Not Found: /test/assets/img/avatars/06.jpg
[02/Feb/2018 12:11:57] "GET /test/assets/img/avatars/06.jpg HTTP/1.1" 404 2833
[02/Feb/2018 12:14:59] "GET /test/list/ HTTP/1.1" 200 29874
[02/Feb/2018 12:14:59] "GET /test/list/favicon.ico HTTP/1.1" 200 29874
[02/Feb/2018 12:15:00] "GET /test/detail/ HTTP/1.1" 200 25885
[02/Feb/2018 12:15:00] "GET /test/detail/favicon.ico HTTP/1.1" 200 25885
[02/Feb/2018 12:15:03] "GET /test/list/favicon.ico HTTP/1.1" 200 29874
[02/Feb/2018 12:15:04] "GET /test/detail/ HTTP/1.1" 200 25885
[02/Feb/2018 12:15:04] "GET /test/detail/favicon.ico HTTP/1.1" 200 25885
[02/Feb/2018 12:15:05] "GET /test/list/favicon.ico HTTP/1.1" 200 29874
[02/Feb/2018 12:15:06] "GET /test/detail/ HTTP/1.1" 200 25885
[02/Feb/2018 12:15:06] "GET /test/detail/favicon.ico HTTP/1.1" 200 25885
[02/Feb/2018 12:15:08] "GET /test/list/favicon.ico HTTP/1.1" 200 29874
[02/Feb/2018 12:15:09] "GET /test/list/ HTTP/1.1" 200 29874
[02/Feb/2018 12:15:09] "GET /test/list/favicon.ico HTTP/1.1" 200 29874
[02/Feb/2018 12:15:10] "GET /test/detail/ HTTP/1.1" 200 25885
[02/Feb/2018 12:15:11] "GET /test/detail/favicon.ico HTTP/1.1" 200 25885
[02/Feb/2018 12:15:13] "GET /test/ HTTP/1.1" 200 41725
Not Found: /test/assets/img/avatars/10.jpg
[02/Feb/2018 12:15:13] "GET /test/assets/img/avatars/10.jpg HTTP/1.1" 404 2833
Not Found: /test/assets/img/avatars/11.jpg
[02/Feb/2018 12:15:13] "GET /test/assets/img/avatars/11.jpg HTTP/1.1" 404 2833
Not Found: /test/assets/img/avatars/12.jpg
Not Found: /test/assets/img/avatars/04.jpg
Not Found: /test/assets/img/avatars/02.jpg
[02/Feb/2018 12:15:13] "GET /test/assets/img/avatars/04.jpg HTTP/1.1" 404 2833
[02/Feb/2018 12:15:13] "GET /test/assets/img/avatars/12.jpg HTTP/1.1" 404 2833
Not Found: /test/assets/img/avatars/03.jpg
[02/Feb/2018 12:15:13] "GET /test/assets/img/avatars/02.jpg HTTP/1.1" 404 2833
Not Found: /test/assets/img/avatars/01.jpg
Not Found: /test/assets/img/avatars/13.jpg
[02/Feb/2018 12:15:13] "GET /test/assets/img/avatars/01.jpg HTTP/1.1" 404 2833
Not Found: /test/assets/img/avatars/08.jpg
Not Found: /test/assets/img/avatars/05.jpg
Not Found: /test/assets/img/avatars/06.jpg
[02/Feb/2018 12:15:13] "GET /test/assets/img/avatars/03.jpg HTTP/1.1" 404 2833
[02/Feb/2018 12:15:13] "GET /test/assets/img/avatars/08.jpg HTTP/1.1" 404 2833
[02/Feb/2018 12:15:13] "GET /test/assets/img/avatars/13.jpg HTTP/1.1" 404 2833
[02/Feb/2018 12:15:13] "GET /test/assets/img/avatars/06.jpg HTTP/1.1" 404 2833
[02/Feb/2018 12:15:13] "GET /test/assets/img/avatars/05.jpg HTTP/1.1" 404 2833
Not Found: /test/login.html
[02/Feb/2018 12:15:27] "GET /test/login.html HTTP/1.1" 404 2788
[05/Feb/2018 02:48:04] "GET /test/ HTTP/1.1" 200 41725
[05/Feb/2018 02:48:04] "GET /static/assets/img/360logo.jpg HTTP/1.1" 304 0
Not Found: /test/assets/img/avatars/10.jpg
[05/Feb/2018 02:48:04] "GET /test/assets/img/avatars/10.jpg HTTP/1.1" 404 2833
Not Found: /test/assets/img/avatars/11.jpg
[05/Feb/2018 02:48:04] "GET /test/assets/img/avatars/11.jpg HTTP/1.1" 404 2833
Not Found: /test/assets/img/avatars/12.jpg
[05/Feb/2018 02:48:04] "GET /test/assets/img/avatars/12.jpg HTTP/1.1" 404 2833
Not Found: /test/assets/img/avatars/02.jpg
[05/Feb/2018 02:48:04] "GET /test/assets/img/avatars/02.jpg HTTP/1.1" 404 2833
Not Found: /test/assets/img/avatars/03.jpg
[05/Feb/2018 02:48:04] "GET /test/assets/img/avatars/03.jpg HTTP/1.1" 404 2833
Not Found: /test/assets/img/avatars/04.jpg
[05/Feb/2018 02:48:04] "GET /test/assets/img/avatars/04.jpg HTTP/1.1" 404 2833
Not Found: /test/assets/img/avatars/01.jpg
[05/Feb/2018 02:48:04] "GET /test/assets/img/avatars/01.jpg HTTP/1.1" 404 2833
Not Found: /test/assets/img/avatars/13.jpg
[05/Feb/2018 02:48:04] "GET /test/assets/img/avatars/13.jpg HTTP/1.1" 404 2833
Not Found: /test/assets/img/avatars/08.jpg
[05/Feb/2018 02:48:04] "GET /test/assets/img/avatars/08.jpg HTTP/1.1" 404 2833
Not Found: /test/assets/img/avatars/05.jpg
[05/Feb/2018 02:48:04] "GET /test/assets/img/avatars/05.jpg HTTP/1.1" 404 2833
Not Found: /test/assets/img/avatars/06.jpg
[05/Feb/2018 02:48:04] "GET /test/assets/img/avatars/06.jpg HTTP/1.1" 404 2833
[05/Feb/2018 02:48:31] "GET /test/list/ HTTP/1.1" 200 29874
[05/Feb/2018 02:48:31] "GET /test/list/favicon.ico HTTP/1.1" 200 29874
[05/Feb/2018 03:13:50] "GET /test/detail/ HTTP/1.1" 200 25885
[05/Feb/2018 03:13:50] "GET /test/detail/favicon.ico HTTP/1.1" 200 25885
[05/Feb/2018 03:13:53] "GET /test/list/favicon.ico HTTP/1.1" 200 29874
[05/Feb/2018 03:13:54] "GET /test/list/ HTTP/1.1" 200 29874
[05/Feb/2018 03:13:54] "GET /test/list/favicon.ico HTTP/1.1" 200 29874
[05/Feb/2018 03:13:56] "GET /test/detail/ HTTP/1.1" 200 25885
[05/Feb/2018 03:13:56] "GET /test/detail/favicon.ico HTTP/1.1" 200 25885
[05/Feb/2018 03:13:57] "GET /test/list/ HTTP/1.1" 200 29874
[05/Feb/2018 03:13:57] "GET /test/list/favicon.ico HTTP/1.1" 200 29874
[05/Feb/2018 03:13:59] "GET /test/list/ HTTP/1.1" 200 29874
[05/Feb/2018 03:13:59] "GET /test/list/favicon.ico HTTP/1.1" 200 29874
[05/Feb/2018 03:14:01] "GET /test/list/ HTTP/1.1" 200 29874
[05/Feb/2018 03:14:01] "GET /test/list/favicon.ico HTTP/1.1" 200 29874
[05/Feb/2018 03:14:01] "GET /test/detail/ HTTP/1.1" 200 25885
[05/Feb/2018 03:14:02] "GET /test/detail/favicon.ico HTTP/1.1" 200 25885
[05/Feb/2018 03:14:03] "GET /test/list/ HTTP/1.1" 200 29874
[05/Feb/2018 03:14:03] "GET /test/list/favicon.ico HTTP/1.1" 200 29874
